#
# There is insufficient memory for the Java Runtime Environment to continue.
# Native memory allocation (malloc) failed to allocate 32744 bytes for ChunkPool::allocate
# Possible reasons:
#   The system is out of physical RAM or swap space
#   In 32 bit mode, the process size limit was hit
# Possible solutions:
#   Reduce memory load on the system
#   Increase physical memory or swap space
#   Check if swap backing store is full
#   Use 64 bit Java on a 64 bit OS
#   Decrease Java heap size (-Xmx/-Xms)
#   Decrease number of Java threads
#   Decrease Java thread stack sizes (-Xss)
#   Set larger code cache with -XX:ReservedCodeCacheSize=
# This output file may be truncated or incomplete.
#
#  Out of Memory Error (allocation.cpp:273), pid=3500, tid=0x0000000000002d28
#
# JRE version: Java(TM) SE Runtime Environment (8.0_92-b14) (build 1.8.0_92-b14)
# Java VM: Java HotSpot(TM) 64-Bit Server VM (25.92-b14 mixed mode windows-amd64 compressed oops)
# Failed to write core dump. Minidumps are not enabled by default on client versions of Windows
#

---------------  T H R E A D  ---------------

Current thread (0x0000000015805000):  JavaThread "C2 CompilerThread1" daemon [_thread_in_native, id=11560, stack(0x0000000017290000,0x0000000017390000)]

Stack: [0x0000000017290000,0x0000000017390000]
[error occurred during error reporting (printing stack bounds), id 0xc0000005]

Native frames: (J=compiled Java code, j=interpreted, Vv=VM code, C=native code)


Current CompileTask:
C2:   8321 1760   !   4       com.android.dx.cf.code.Ropper::processBlock (1101 bytes)


---------------  P R O C E S S  ---------------

Java Threads: ( => current thread )
  0x0000000016e08800 JavaThread "pool-1-thread-4" [_thread_in_Java, id=9652, stack(0x0000000017a90000,0x0000000017b90000)]
  0x0000000016e29000 JavaThread "pool-1-thread-3" [_thread_in_Java, id=9376, stack(0x0000000017990000,0x0000000017a90000)]
  0x0000000016e27800 JavaThread "pool-1-thread-2" [_thread_in_Java, id=6324, stack(0x0000000017890000,0x0000000017990000)]
  0x0000000016e27000 JavaThread "pool-2-thread-1" [_thread_blocked, id=13124, stack(0x0000000017790000,0x0000000017890000)]
  0x0000000016e24000 JavaThread "pool-1-thread-1" [_thread_in_Java, id=12508, stack(0x0000000017690000,0x0000000017790000)]
  0x0000000016bf2000 JavaThread "Service Thread" daemon [_thread_blocked, id=7240, stack(0x0000000017490000,0x0000000017590000)]
  0x000000001583c000 JavaThread "C1 CompilerThread2" daemon [_thread_blocked, id=9032, stack(0x0000000017390000,0x0000000017490000)]
=>0x0000000015805000 JavaThread "C2 CompilerThread1" daemon [_thread_in_native, id=11560, stack(0x0000000017290000,0x0000000017390000)]
  0x000000000310a000 JavaThread "C2 CompilerThread0" daemon [_thread_in_native, id=10136, stack(0x0000000017190000,0x0000000017290000)]
  0x00000000157f2800 JavaThread "Attach Listener" daemon [_thread_blocked, id=11488, stack(0x0000000017090000,0x0000000017190000)]
  0x0000000015804000 JavaThread "Signal Dispatcher" daemon [_thread_blocked, id=7728, stack(0x0000000016f90000,0x0000000017090000)]
  0x00000000157ca000 JavaThread "Finalizer" daemon [_thread_blocked, id=11352, stack(0x0000000016a30000,0x0000000016b30000)]
  0x00000000157a9000 JavaThread "Reference Handler" daemon [_thread_blocked, id=11436, stack(0x0000000016930000,0x0000000016a30000)]
  0x0000000002a8d800 JavaThread "main" [_thread_in_vm, id=7784, stack(0x0000000002e10000,0x0000000002f10000)]

Other Threads:
  0x00000000157a6000 VMThread [stack: 0x0000000016830000,0x0000000016930000] [id=9284]
  0x0000000016c5e800 WatcherThread [stack: 0x0000000017590000,0x0000000017690000] [id=6572]

VM state:not at safepoint (normal execution)

VM Mutex/Monitor currently owned by a thread: None

Heap:
 PSYoungGen      total 38400K, used 19658K [0x00000000eab00000, 0x00000000ed580000, 0x0000000100000000)
  eden space 33280K, 43% used [0x00000000eab00000,0x00000000eb9339b8,0x00000000ecb80000)
  from space 5120K, 99% used [0x00000000ed080000,0x00000000ed57ee90,0x00000000ed580000)
  to   space 5120K, 0% used [0x00000000ecb80000,0x00000000ecb80000,0x00000000ed080000)
 ParOldGen       total 87552K, used 16226K [0x00000000c0000000, 0x00000000c5580000, 0x00000000eab00000)
  object space 87552K, 18% used [0x00000000c0000000,0x00000000c0fd8a08,0x00000000c5580000)
 Metaspace       used 6428K, capacity 7192K, committed 7424K, reserved 1056768K
  class space    used 627K, capacity 656K, committed 768K, reserved 1048576K

Card table byte_map: [0x00000000124d0000,0x00000000126e0000] byte_map_base: 0x0000000011ed0000

Marking Bits: (ParMarkBitMap*) 0x000000005a9964f0
 Begin Bits: [0x0000000012c40000, 0x0000000013c40000)
 End Bits:   [0x0000000013c40000, 0x0000000014c40000)

Polling page: 0x00000000012b0000

CodeCache: size=245760Kb used=8102Kb max_used=8114Kb free=237657Kb
 bounds [0x0000000003110000, 0x0000000003910000, 0x0000000012110000]
 total_blobs=2060 nmethods=1788 adapters=184
 compilation: enabled

Compilation events (10 events):
Event: 8.279 Thread 0x000000000310a000 nmethod 1821 0x00000000038e7350 code [0x00000000038e7640, 0x00000000038e8048]
Event: 8.279 Thread 0x000000000310a000 1819       4       com.android.dx.ssa.SsaMethod::indexListFromLabelList (47 bytes)
Event: 8.286 Thread 0x000000001583c000 1836       2       com.android.dx.util.ByteArray::getByte (14 bytes)
Event: 8.286 Thread 0x000000001583c000 nmethod 1836 0x00000000038e6ed0 code [0x00000000038e7040, 0x00000000038e7208]
Event: 8.291 Thread 0x000000001583c000 1838       2       com.android.dx.ssa.PhiInsn::updateSourcesToDefinitions (68 bytes)
Event: 8.292 Thread 0x000000001583c000 nmethod 1838 0x00000000038e6590 code [0x00000000038e6740, 0x00000000038e6b18]
Event: 8.292 Thread 0x000000000310a000 nmethod 1819 0x00000000038e91d0 code [0x00000000038e9340, 0x00000000038e9af8]
Event: 8.292 Thread 0x000000000310a000 1835   !   4       com.android.dx.cf.code.BytecodeArray::parseInstruction (2764 bytes)
Event: 8.298 Thread 0x000000001583c000 1839       2       java.util.concurrent.locks.AbstractQueuedSynchronizer::shouldParkAfterFailedAcquire (50 bytes)
Event: 8.299 Thread 0x000000001583c000 nmethod 1839 0x00000000038c83d0 code [0x00000000038c8540, 0x00000000038c8770]

GC Heap History (8 events):
Event: 2.950 GC heap before
{Heap before GC invocations=1 (full 0):
 PSYoungGen      total 38400K, used 33280K [0x00000000eab00000, 0x00000000ed580000, 0x0000000100000000)
  eden space 33280K, 100% used [0x00000000eab00000,0x00000000ecb80000,0x00000000ecb80000)
  from space 5120K, 0% used [0x00000000ed080000,0x00000000ed080000,0x00000000ed580000)
  to   space 5120K, 0% used [0x00000000ecb80000,0x00000000ecb80000,0x00000000ed080000)
 ParOldGen       total 87552K, used 0K [0x00000000c0000000, 0x00000000c5580000, 0x00000000eab00000)
  object space 87552K, 0% used [0x00000000c0000000,0x00000000c0000000,0x00000000c5580000)
 Metaspace       used 6047K, capacity 6964K, committed 7040K, reserved 1056768K
  class space    used 604K, capacity 620K, committed 640K, reserved 1048576K
Event: 2.961 GC heap after
Heap after GC invocations=1 (full 0):
 PSYoungGen      total 38400K, used 5111K [0x00000000eab00000, 0x00000000ed580000, 0x0000000100000000)
  eden space 33280K, 0% used [0x00000000eab00000,0x00000000eab00000,0x00000000ecb80000)
  from space 5120K, 99% used [0x00000000ecb80000,0x00000000ed07dc50,0x00000000ed080000)
  to   space 5120K, 0% used [0x00000000ed080000,0x00000000ed080000,0x00000000ed580000)
 ParOldGen       total 87552K, used 1461K [0x00000000c0000000, 0x00000000c5580000, 0x00000000eab00000)
  object space 87552K, 1% used [0x00000000c0000000,0x00000000c016d520,0x00000000c5580000)
 Metaspace       used 6047K, capacity 6964K, committed 7040K, reserved 1056768K
  class space    used 604K, capacity 620K, committed 640K, reserved 1048576K
}
Event: 4.760 GC heap before
{Heap before GC invocations=2 (full 0):
 PSYoungGen      total 38400K, used 38391K [0x00000000eab00000, 0x00000000ed580000, 0x0000000100000000)
  eden space 33280K, 100% used [0x00000000eab00000,0x00000000ecb80000,0x00000000ecb80000)
  from space 5120K, 99% used [0x00000000ecb80000,0x00000000ed07dc50,0x00000000ed080000)
  to   space 5120K, 0% used [0x00000000ed080000,0x00000000ed080000,0x00000000ed580000)
 ParOldGen       total 87552K, used 1461K [0x00000000c0000000, 0x00000000c5580000, 0x00000000eab00000)
  object space 87552K, 1% used [0x00000000c0000000,0x00000000c016d520,0x00000000c5580000)
 Metaspace       used 6238K, capacity 7092K, committed 7296K, reserved 1056768K
  class space    used 606K, capacity 620K, committed 640K, reserved 1048576K
Event: 5.047 GC heap after
Heap after GC invocations=2 (full 0):
 PSYoungGen      total 38400K, used 5105K [0x00000000eab00000, 0x00000000ed580000, 0x0000000100000000)
  eden space 33280K, 0% used [0x00000000eab00000,0x00000000eab00000,0x00000000ecb80000)
  from space 5120K, 99% used [0x00000000ed080000,0x00000000ed57c6b8,0x00000000ed580000)
  to   space 5120K, 0% used [0x00000000ecb80000,0x00000000ecb80000,0x00000000ed080000)
 ParOldGen       total 87552K, used 5695K [0x00000000c0000000, 0x00000000c5580000, 0x00000000eab00000)
  object space 87552K, 6% used [0x00000000c0000000,0x00000000c058fee0,0x00000000c5580000)
 Metaspace       used 6238K, capacity 7092K, committed 7296K, reserved 1056768K
  class space    used 606K, capacity 620K, committed 640K, reserved 1048576K
}
Event: 6.329 GC heap before
{Heap before GC invocations=3 (full 0):
 PSYoungGen      total 38400K, used 38385K [0x00000000eab00000, 0x00000000ed580000, 0x0000000100000000)
  eden space 33280K, 100% used [0x00000000eab00000,0x00000000ecb80000,0x00000000ecb80000)
  from space 5120K, 99% used [0x00000000ed080000,0x00000000ed57c6b8,0x00000000ed580000)
  to   space 5120K, 0% used [0x00000000ecb80000,0x00000000ecb80000,0x00000000ed080000)
 ParOldGen       total 87552K, used 5695K [0x00000000c0000000, 0x00000000c5580000, 0x00000000eab00000)
  object space 87552K, 6% used [0x00000000c0000000,0x00000000c058fee0,0x00000000c5580000)
 Metaspace       used 6313K, capacity 7156K, committed 7296K, reserved 1056768K
  class space    used 606K, capacity 620K, committed 640K, reserved 1048576K
Event: 6.346 GC heap after
Heap after GC invocations=3 (full 0):
 PSYoungGen      total 38400K, used 5107K [0x00000000eab00000, 0x00000000ed580000, 0x0000000100000000)
  eden space 33280K, 0% used [0x00000000eab00000,0x00000000eab00000,0x00000000ecb80000)
  from space 5120K, 99% used [0x00000000ecb80000,0x00000000ed07cfe8,0x00000000ed080000)
  to   space 5120K, 0% used [0x00000000ed080000,0x00000000ed080000,0x00000000ed580000)
 ParOldGen       total 87552K, used 11079K [0x00000000c0000000, 0x00000000c5580000, 0x00000000eab00000)
  object space 87552K, 12% used [0x00000000c0000000,0x00000000c0ad1e28,0x00000000c5580000)
 Metaspace       used 6313K, capacity 7156K, committed 7296K, reserved 1056768K
  class space    used 606K, capacity 620K, committed 640K, reserved 1048576K
}
Event: 8.210 GC heap before
{Heap before GC invocations=4 (full 0):
 PSYoungGen      total 38400K, used 38387K [0x00000000eab00000, 0x00000000ed580000, 0x0000000100000000)
  eden space 33280K, 100% used [0x00000000eab00000,0x00000000ecb80000,0x00000000ecb80000)
  from space 5120K, 99% used [0x00000000ecb80000,0x00000000ed07cfe8,0x00000000ed080000)
  to   space 5120K, 0% used [0x00000000ed080000,0x00000000ed080000,0x00000000ed580000)
 ParOldGen       total 87552K, used 11079K [0x00000000c0000000, 0x00000000c5580000, 0x00000000eab00000)
  object space 87552K, 12% used [0x00000000c0000000,0x00000000c0ad1e28,0x00000000c5580000)
 Metaspace       used 6424K, capacity 7192K, committed 7424K, reserved 1056768K
  class space    used 627K, capacity 656K, committed 768K, reserved 1048576K
Event: 8.256 GC heap after
Heap after GC invocations=4 (full 0):
 PSYoungGen      total 38400K, used 5115K [0x00000000eab00000, 0x00000000ed580000, 0x0000000100000000)
  eden space 33280K, 0% used [0x00000000eab00000,0x00000000eab00000,0x00000000ecb80000)
  from space 5120K, 99% used [0x00000000ed080000,0x00000000ed57ee90,0x00000000ed580000)
  to   space 5120K, 0% used [0x00000000ecb80000,0x00000000ecb80000,0x00000000ed080000)
 ParOldGen       total 87552K, used 16226K [0x00000000c0000000, 0x00000000c5580000, 0x00000000eab00000)
  object space 87552K, 18% used [0x00000000c0000000,0x00000000c0fd8a08,0x00000000c5580000)
 Metaspace       used 6424K, capacity 7192K, committed 7424K, reserved 1056768K
  class space    used 627K, capacity 656K, committed 768K, reserved 1048576K
}

Deoptimization events (10 events):
Event: 6.358 Thread 0x0000000002a8d800 Uncommon trap: reason=unstable_if action=reinterpret pc=0x000000000343b234 method=java.util.HashMap.putVal(ILjava/lang/Object;Ljava/lang/Object;ZZ)Ljava/lang/Object; @ 162
Event: 6.363 Thread 0x0000000002a8d800 Uncommon trap: reason=unstable_if action=reinterpret pc=0x000000000335c050 method=java.util.HashMap.getNode(ILjava/lang/Object;)Ljava/util/HashMap$Node; @ 84
Event: 6.377 Thread 0x0000000002a8d800 Uncommon trap: reason=unstable_if action=reinterpret pc=0x0000000003346490 method=java.util.HashMap.getNode(ILjava/lang/Object;)Ljava/util/HashMap$Node; @ 84
Event: 6.731 Thread 0x0000000016e29000 Uncommon trap: reason=unstable_if action=reinterpret pc=0x00000000036f8a90 method=java.util.HashMap.resize()[Ljava/util/HashMap$Node; @ 206
Event: 7.402 Thread 0x0000000016e29000 Uncommon trap: reason=unstable_if action=reinterpret pc=0x0000000003826920 method=com.android.dx.rop.code.LocalVariableInfo.mergeStarts(ILcom/android/dx/rop/code/RegisterSpecSet;)Z @ 31
Event: 8.281 Thread 0x0000000016e08800 Uncommon trap: reason=bimorphic action=maybe_recompile pc=0x000000000389f33c method=com.android.dx.cf.code.BytecodeArray.parseInstruction(ILcom/android/dx/cf/code/BytecodeArray$Visitor;)I @ 1130
Event: 8.281 Thread 0x0000000016e08800 Uncommon trap: reason=bimorphic action=maybe_recompile pc=0x000000000389eee0 method=com.android.dx.cf.code.BytecodeArray.parseInstruction(ILcom/android/dx/cf/code/BytecodeArray$Visitor;)I @ 971
Event: 8.281 Thread 0x0000000016e08800 Uncommon trap: reason=bimorphic action=maybe_recompile pc=0x000000000389ef6c method=com.android.dx.cf.code.BytecodeArray.parseInstruction(ILcom/android/dx/cf/code/BytecodeArray$Visitor;)I @ 987
Event: 8.281 Thread 0x0000000016e08800 Uncommon trap: reason=bimorphic action=maybe_recompile pc=0x000000000389ee54 method=com.android.dx.cf.code.BytecodeArray.parseInstruction(ILcom/android/dx/cf/code/BytecodeArray$Visitor;)I @ 955
Event: 8.281 Thread 0x0000000016e08800 Uncommon trap: reason=bimorphic action=maybe_recompile pc=0x000000000389ee54 method=com.android.dx.cf.code.BytecodeArray.parseInstruction(ILcom/android/dx/cf/code/BytecodeArray$Visitor;)I @ 955

Internal exceptions (5 events):
Event: 0.386 Thread 0x0000000002a8d800 Exception <a 'java/lang/NoSuchMethodError': Method sun.misc.Unsafe.defineClass(Ljava/lang/String;[BII)Ljava/lang/Class; name or signature does not match> (0x00000000eab07cc0) thrown at [D:\re\workspace\8-2-build-windows-amd64-cygwin\jdk8u92\6642\hotspot\sr±S2m¯Ø?
Event: 0.386 Thread 0x0000000002a8d800 Exception <a 'java/lang/NoSuchMethodError': Method sun.misc.Unsafe.prefetchRead(Ljava/lang/Object;J)V name or signature does not match> (0x00000000eab07fa8) thrown at [D:\re\workspace\8-2-build-windows-amd64-cygwin\jdk8u92\6642\hotspot\src\share\vm\prims\jïÌ€Ñq@
Event: 6.361 Thread 0x0000000002a8d800 Exception <a 'java/lang/ArrayIndexOutOfBoundsException': 18> (0x00000000eaccd4a0) thrown at [D:\re\workspace\8-2-build-windows-amd64-cygwin\jdk8u92\6642\hotspot\src\share\vm\interpreter\interpreterRuntime.cpp, line 366]
Event: 6.362 Thread 0x0000000002a8d800 Exception <a 'java/lang/ArrayIndexOutOfBoundsException'> (0x00000000eaccf020) thrown at [D:\re\workspace\8-2-build-windows-amd64-cygwin\jdk8u92\6642\hotspot\src\share\vm\runtime\sharedRuntime.cpp, line 605]
Event: 6.363 Thread 0x0000000002a8d800 Exception <a 'java/lang/ArrayIndexOutOfBoundsException'> (0x00000000eacd0308) thrown at [D:\re\workspace\8-2-build-windows-amd64-cygwin\jdk8u92\6642\hotspot\src\share\vm\runtime\sharedRuntime.cpp, line 605]

Events (10 events):
Event: 8.281 Thread 0x0000000016e08800 DEOPT PACKING pc=0x000000000389ef6c sp=0x0000000017b8e4d0
Event: 8.281 Thread 0x0000000016e08800 DEOPT UNPACKING pc=0x000000000315582a sp=0x0000000017b8e498 mode 2
Event: 8.281 Thread 0x0000000016e08800 Uncommon trap: trap_request=0xffffffc6 fr.pc=0x000000000389ee54
Event: 8.281 Thread 0x0000000016e08800 DEOPT PACKING pc=0x000000000389ee54 sp=0x0000000017b8e4d0
Event: 8.281 Thread 0x0000000016e08800 DEOPT UNPACKING pc=0x000000000315582a sp=0x0000000017b8e498 mode 2
Event: 8.281 Thread 0x0000000016e08800 Uncommon trap: trap_request=0xffffffc6 fr.pc=0x000000000389ee54
Event: 8.281 Thread 0x0000000016e08800 DEOPT PACKING pc=0x000000000389ee54 sp=0x0000000017b8e4d0
Event: 8.281 Thread 0x0000000016e08800 DEOPT UNPACKING pc=0x000000000315582a sp=0x0000000017b8e498 mode 2
Event: 8.299 Thread 0x0000000016e24000 DEOPT PACKING pc=0x00000000034a6dc1 sp=0x000000001778e770
Event: 8.299 Thread 0x0000000016e24000 DEOPT UNPACKING pc=0x000000000315787f sp=0x000000001778e500 mode 0


Dynamic libraries:
0x00007ff62b680000 - 0x00007ff62b6b7000 	D:\Java1.8\jdk1.8.0_92\bin\java.exe
0x00007ffe21960000 - 0x00007ffe21b21000 	C:\WINDOWS\SYSTEM32\ntdll.dll
0x00007ffe1ec10000 - 0x00007ffe1ecbd000 	C:\WINDOWS\system32\KERNEL32.DLL
0x00007ffe1e8f0000 - 0x00007ffe1ead8000 	C:\WINDOWS\system32\KERNELBASE.dll
0x00007ffe213d0000 - 0x00007ffe21477000 	C:\WINDOWS\system32\ADVAPI32.dll
0x00007ffe1f640000 - 0x00007ffe1f6dd000 	C:\WINDOWS\system32\msvcrt.dll
0x00007ffe1eba0000 - 0x00007ffe1ebfb000 	C:\WINDOWS\system32\sechost.dll
0x00007ffe21480000 - 0x00007ffe2159c000 	C:\WINDOWS\system32\RPCRT4.dll
0x00007ffe1f390000 - 0x00007ffe1f4e6000 	C:\WINDOWS\system32\USER32.dll
0x00007ffe1ef40000 - 0x00007ffe1f0c6000 	C:\WINDOWS\system32\GDI32.dll
0x00007ffe0dcb0000 - 0x00007ffe0df24000 	C:\WINDOWS\WinSxS\amd64_microsoft.windows.common-controls_6595b64144ccf1df_6.0.10586.0_none_8c15ae12515e1c22\COMCTL32.dll
0x00007ffe215e0000 - 0x00007ffe2185d000 	C:\WINDOWS\system32\combase.dll
0x00007ffe1eb10000 - 0x00007ffe1eb7a000 	C:\WINDOWS\system32\bcryptPrimitives.dll
0x00007ffe215a0000 - 0x00007ffe215db000 	C:\WINDOWS\system32\IMM32.DLL
0x0000000059c30000 - 0x0000000059d02000 	D:\Java1.8\jdk1.8.0_92\jre\bin\msvcr100.dll
0x000000005a180000 - 0x000000005aa16000 	D:\Java1.8\jdk1.8.0_92\jre\bin\server\jvm.dll
0x00007ffe1eae0000 - 0x00007ffe1eb03000 	C:\WINDOWS\system32\WINMM.dll
0x00007ffe1dd90000 - 0x00007ffe1ddbc000 	C:\WINDOWS\system32\WINMMBASE.dll
0x00007ffe1de20000 - 0x00007ffe1de63000 	C:\WINDOWS\system32\cfgmgr32.dll
0x00007ffe1ec00000 - 0x00007ffe1ec08000 	C:\WINDOWS\system32\PSAPI.DLL
0x00007ffe03320000 - 0x00007ffe03329000 	C:\WINDOWS\SYSTEM32\WSOCK32.dll
0x00007ffe1f700000 - 0x00007ffe1f76b000 	C:\WINDOWS\system32\WS2_32.dll
0x00007ffe101b0000 - 0x00007ffe101ba000 	C:\WINDOWS\SYSTEM32\VERSION.dll
0x000000005aad0000 - 0x000000005aadf000 	D:\Java1.8\jdk1.8.0_92\jre\bin\verify.dll
0x000000005a070000 - 0x000000005a099000 	D:\Java1.8\jdk1.8.0_92\jre\bin\java.dll
0x000000005a050000 - 0x000000005a066000 	D:\Java1.8\jdk1.8.0_92\jre\bin\zip.dll
0x00007ffe1fe70000 - 0x00007ffe213cc000 	C:\WINDOWS\system32\SHELL32.dll
0x00007ffe1e020000 - 0x00007ffe1e664000 	C:\WINDOWS\system32\windows.storage.dll
0x00007ffe1fd00000 - 0x00007ffe1fd52000 	C:\WINDOWS\system32\shlwapi.dll
0x00007ffe1dd80000 - 0x00007ffe1dd8f000 	C:\WINDOWS\system32\kernel.appcore.dll
0x00007ffe1ded0000 - 0x00007ffe1df85000 	C:\WINDOWS\system32\shcore.dll
0x00007ffe1de70000 - 0x00007ffe1debb000 	C:\WINDOWS\system32\powrprof.dll
0x00007ffe1dd50000 - 0x00007ffe1dd64000 	C:\WINDOWS\system32\profapi.dll

VM Arguments:
jvm_args: -Djava.awt.headless=true -Xmx1024M -Dfile.encoding=GBK -Duser.country=CN -Duser.language=zh -Duser.variant 
java_command: com.android.dx.command.Main --dex --num-threads=4 --output C:\Users\shuwei\AndroidStudioProjects\StudioTest\imageloader\build\intermediates\pre-dexed\debug\com.android.support-appcompat-v7-23.1.1_7fdd4a736f6c28e8b0cb30a5ae1e9b4e7abe62aa.jar C:\Users\shuwei\AndroidStudioProjects\StudioTest\imageloader\build\intermediates\exploded-aar\com.android.support\appcompat-v7\23.1.1\jars\classes.jar
java_class_path (initial): D:\ProgramFiles\android\android-sdk-windows\build-tools\23.0.2\lib\dx.jar
Launcher Type: SUN_STANDARD

Environment Variables:
JAVA_HOME=D:\Java1.8\jdk1.8.0_92
PATH=D:\Java\jdk1.7.0_07\bin;D:\ProgramFiles\android-ndk-r10;C:\ProgramData\Oracle\Java\javapath;C:\Program Files (x86)\Intel\iCLS Client\;C:\Program Files\Intel\iCLS Client\;C:\WINDOWS\system32;C:\WINDOWS;C:\WINDOWS\System32\Wbem;C:\WINDOWS\System32\WindowsPowerShell\v1.0\;C:\Program Files\Intel\Intel(R) Management Engine Components\DAL;C:\Program Files (x86)\Intel\Intel(R) Management Engine Components\DAL;C:\Program Files\Intel\Intel(R) Management Engine Components\IPT;C:\Program Files (x86)\Intel\Intel(R) Management Engine Components\IPT;C:\Program Files (x86)\ATI Technologies\ATI.ACE\Core-Static;C:\Program Files (x86)\Common Files\lenovo\easyplussdk\bin;C:\ProgramData\Lenovo\ReadyApps;D:\DevInstall\MySQL\MySQL Server 5.5\bin;D:\Java1.8\jdk1.8.0_92\bin;D:\ProgramFiles (x86)\adt-bundle-windows-x86_64_20140101\sdk\platform-tools;D:\ProgramFiles (x86)\adt-bundle-windows-x86_64_20140101\sdk\tools;D:\ProgramFiles\TortoiseSVN\bin;D:\ProgramFiles\TortoiseGit\bin;D:\Java1.8\jdk1.8.0_92\bin;D:\Java\jdk1.7.0_07\bin;D:\Java1.8\jdk1.8.0_92\bin;D:\ProgramFiles (x86)\tomcat\apache-tomcat-6.0.39\bin;D:\ProgramFiles\android\android-sdk-windows\platform-tools;D:\ProgramFiles\android\android-sdk-windows\tools
USERNAME=shuwei
OS=Windows_NT
PROCESSOR_IDENTIFIER=Intel64 Family 6 Model 69 Stepping 1, GenuineIntel



---------------  S Y S T E M  ---------------

OS: Windows 10.0 , 64 bit Build 10586 (10.0.10586.0)

CPU:total 4 (2 cores per cpu, 2 threads per core) family 6 model 69 stepping 1, cmov, cx8, fxsr, mmx, sse, sse2, sse3, ssse3, sse4.1, sse4.2, popcnt, avx, avx2, aes, clmul, erms, lzcnt, ht, tsc, tscinvbit, bmi1, bmi2

Memory: 4k page, physical 8310040k(1158948k free), swap 8310040k(2928k free)

vm_info: Java HotSpot(TM) 64-Bit Server VM (25.92-b14) for windows-amd64 JRE (1.8.0_92-b14), built on Mar 31 2016 21:03:04 by "java_re" with MS VC++ 10.0 (VS2010)

time: Tue Jun 21 21:16:59 2016
elapsed time: 8 seconds (0d 0h 0m 8s)

