#
# There is insufficient memory for the Java Runtime Environment to continue.
# Native memory allocation (malloc) failed to allocate 263216 bytes for Chunk::new
# Possible reasons:
#   The system is out of physical RAM or swap space
#   In 32 bit mode, the process size limit was hit
# Possible solutions:
#   Reduce memory load on the system
#   Increase physical memory or swap space
#   Check if swap backing store is full
#   Use 64 bit Java on a 64 bit OS
#   Decrease Java heap size (-Xmx/-Xms)
#   Decrease number of Java threads
#   Decrease Java thread stack sizes (-Xss)
#   Set larger code cache with -XX:ReservedCodeCacheSize=
# This output file may be truncated or incomplete.
#
#  Out of Memory Error (allocation.cpp:390), pid=12216, tid=0x0000000000001d68
#
# JRE version: Java(TM) SE Runtime Environment (8.0_92-b14) (build 1.8.0_92-b14)
# Java VM: Java HotSpot(TM) 64-Bit Server VM (25.92-b14 mixed mode windows-amd64 compressed oops)
# Failed to write core dump. Minidumps are not enabled by default on client versions of Windows
#

---------------  T H R E A D  ---------------

Current thread (0x000000000330a000):  JavaThread "C2 CompilerThread0" daemon [_thread_in_native, id=7528, stack(0x0000000017330000,0x0000000017430000)]

Stack: [0x0000000017330000,0x0000000017430000]
[error occurred during error reporting (printing stack bounds), id 0xc0000005]

Native frames: (J=compiled Java code, j=interpreted, Vv=VM code, C=native code)


Current CompileTask:
C2:   8248 1723       4       com.android.dx.rop.code.Rops::ropFor (771 bytes)


---------------  P R O C E S S  ---------------

Java Threads: ( => current thread )
  0x0000000016fd5000 JavaThread "pool-1-thread-4" [_thread_blocked, id=3916, stack(0x0000000017c30000,0x0000000017d30000)]
  0x0000000016fd4000 JavaThread "pool-1-thread-3" [_thread_blocked, id=3444, stack(0x0000000017b30000,0x0000000017c30000)]
  0x0000000016fd3800 JavaThread "pool-1-thread-2" [_thread_blocked, id=9320, stack(0x0000000017a30000,0x0000000017b30000)]
  0x0000000016f9f000 JavaThread "pool-2-thread-1" [_thread_blocked, id=12700, stack(0x0000000017930000,0x0000000017a30000)]
  0x0000000016f9e000 JavaThread "pool-1-thread-1" [_thread_blocked, id=5024, stack(0x0000000017830000,0x0000000017930000)]
  0x0000000016d9a000 JavaThread "Service Thread" daemon [_thread_blocked, id=11296, stack(0x0000000017630000,0x0000000017730000)]
  0x0000000015a3d000 JavaThread "C1 CompilerThread2" daemon [_thread_blocked, id=10180, stack(0x0000000017530000,0x0000000017630000)]
  0x0000000015a05000 JavaThread "C2 CompilerThread1" daemon [_thread_in_native, id=9848, stack(0x0000000017430000,0x0000000017530000)]
=>0x000000000330a000 JavaThread "C2 CompilerThread0" daemon [_thread_in_native, id=7528, stack(0x0000000017330000,0x0000000017430000)]
  0x0000000016d72800 JavaThread "Attach Listener" daemon [_thread_blocked, id=9852, stack(0x0000000017230000,0x0000000017330000)]
  0x00000000159f2800 JavaThread "Signal Dispatcher" daemon [_thread_blocked, id=12052, stack(0x0000000017130000,0x0000000017230000)]
  0x00000000159ca000 JavaThread "Finalizer" daemon [_thread_blocked, id=8296, stack(0x0000000016c30000,0x0000000016d30000)]
  0x00000000159a9000 JavaThread "Reference Handler" daemon [_thread_blocked, id=12560, stack(0x0000000016b30000,0x0000000016c30000)]
  0x000000000300d800 JavaThread "main" [_thread_in_vm, id=11384, stack(0x0000000003010000,0x0000000003110000)]

Other Threads:
  0x00000000159a6000 VMThread [stack: 0x0000000016a30000,0x0000000016b30000] [id=4936]
  0x0000000016df4800 WatcherThread [stack: 0x0000000017730000,0x0000000017830000] [id=12564]

VM state:not at safepoint (normal execution)

VM Mutex/Monitor currently owned by a thread: None

Heap:
 PSYoungGen      total 71680K, used 41562K [0x00000000eab00000, 0x00000000ef600000, 0x0000000100000000)
  eden space 66560K, 54% used [0x00000000eab00000,0x00000000ece9a0c8,0x00000000eec00000)
  from space 5120K, 99% used [0x00000000ef100000,0x00000000ef5fcab8,0x00000000ef600000)
  to   space 5120K, 0% used [0x00000000eec00000,0x00000000eec00000,0x00000000ef100000)
 ParOldGen       total 87552K, used 4662K [0x00000000c0000000, 0x00000000c5580000, 0x00000000eab00000)
  object space 87552K, 5% used [0x00000000c0000000,0x00000000c048da38,0x00000000c5580000)
 Metaspace       used 6431K, capacity 7156K, committed 7296K, reserved 1056768K
  class space    used 606K, capacity 620K, committed 640K, reserved 1048576K

Card table byte_map: [0x00000000126d0000,0x00000000128e0000] byte_map_base: 0x00000000120d0000

Marking Bits: (ParMarkBitMap*) 0x000000005a9964f0
 Begin Bits: [0x0000000012e40000, 0x0000000013e40000)
 End Bits:   [0x0000000013e40000, 0x0000000014e40000)

Polling page: 0x0000000002f40000

CodeCache: size=245760Kb used=7586Kb max_used=7586Kb free=238173Kb
 bounds [0x0000000003310000, 0x0000000003a80000, 0x0000000012310000]
 total_blobs=2076 nmethods=1804 adapters=184
 compilation: enabled

Compilation events (10 events):
Event: 8.207 Thread 0x0000000015a3d000 1840       2       java.util.concurrent.locks.ReentrantLock$NonfairSync::tryAcquire (6 bytes)
Event: 8.208 Thread 0x0000000015a3d000 nmethod 1840 0x0000000003a78410 code [0x0000000003a78580, 0x0000000003a786e8]
Event: 8.208 Thread 0x0000000015a3d000 1841       2       java.util.concurrent.locks.ReentrantLock$Sync::nonfairTryAcquire (67 bytes)
Event: 8.208 Thread 0x0000000015a3d000 nmethod 1841 0x0000000003a77f10 code [0x0000000003a78080, 0x0000000003a78308]
Event: 8.208 Thread 0x0000000015a3d000 1842   !   2       com.android.dx.cf.direct.DirectClassFile::parse (75 bytes)
Event: 8.209 Thread 0x0000000015a3d000 nmethod 1842 0x0000000003a77210 code [0x0000000003a77400, 0x0000000003a77ab8]
Event: 8.211 Thread 0x0000000015a3d000 1843   !   2       java.util.concurrent.ArrayBlockingQueue::take (46 bytes)
Event: 8.212 Thread 0x0000000015a3d000 nmethod 1843 0x0000000003a76790 code [0x0000000003a76960, 0x0000000003a76d78]
Event: 8.214 Thread 0x0000000015a3d000 1844       2       com.android.dx.dex.file.ValueEncoder::addContents (75 bytes)
Event: 8.215 Thread 0x0000000015a3d000 nmethod 1844 0x0000000003a7d850 code [0x0000000003a7da40, 0x0000000003a7e0d8]

GC Heap History (4 events):
Event: 4.630 GC heap before
{Heap before GC invocations=1 (full 0):
 PSYoungGen      total 38400K, used 33280K [0x00000000eab00000, 0x00000000ed580000, 0x0000000100000000)
  eden space 33280K, 100% used [0x00000000eab00000,0x00000000ecb80000,0x00000000ecb80000)
  from space 5120K, 0% used [0x00000000ed080000,0x00000000ed080000,0x00000000ed580000)
  to   space 5120K, 0% used [0x00000000ecb80000,0x00000000ecb80000,0x00000000ed080000)
 ParOldGen       total 87552K, used 0K [0x00000000c0000000, 0x00000000c5580000, 0x00000000eab00000)
  object space 87552K, 0% used [0x00000000c0000000,0x00000000c0000000,0x00000000c5580000)
 Metaspace       used 5999K, capacity 6836K, committed 7040K, reserved 1056768K
  class space    used 599K, capacity 620K, committed 640K, reserved 1048576K
Event: 4.850 GC heap after
Heap after GC invocations=1 (full 0):
 PSYoungGen      total 38400K, used 5102K [0x00000000eab00000, 0x00000000ef600000, 0x0000000100000000)
  eden space 33280K, 0% used [0x00000000eab00000,0x00000000eab00000,0x00000000ecb80000)
  from space 5120K, 99% used [0x00000000ecb80000,0x00000000ed07bbb0,0x00000000ed080000)
  to   space 5120K, 0% used [0x00000000ef100000,0x00000000ef100000,0x00000000ef600000)
 ParOldGen       total 87552K, used 789K [0x00000000c0000000, 0x00000000c5580000, 0x00000000eab00000)
  object space 87552K, 0% used [0x00000000c0000000,0x00000000c00c5718,0x00000000c5580000)
 Metaspace       used 5999K, capacity 6836K, committed 7040K, reserved 1056768K
  class space    used 599K, capacity 620K, committed 640K, reserved 1048576K
}
Event: 6.398 GC heap before
{Heap before GC invocations=2 (full 0):
 PSYoungGen      total 38400K, used 38382K [0x00000000eab00000, 0x00000000ef600000, 0x0000000100000000)
  eden space 33280K, 100% used [0x00000000eab00000,0x00000000ecb80000,0x00000000ecb80000)
  from space 5120K, 99% used [0x00000000ecb80000,0x00000000ed07bbb0,0x00000000ed080000)
  to   space 5120K, 0% used [0x00000000ef100000,0x00000000ef100000,0x00000000ef600000)
 ParOldGen       total 87552K, used 789K [0x00000000c0000000, 0x00000000c5580000, 0x00000000eab00000)
  object space 87552K, 0% used [0x00000000c0000000,0x00000000c00c5718,0x00000000c5580000)
 Metaspace       used 6268K, capacity 7092K, committed 7296K, reserved 1056768K
  class space    used 603K, capacity 620K, committed 640K, reserved 1048576K
Event: 6.438 GC heap after
Heap after GC invocations=2 (full 0):
 PSYoungGen      total 71680K, used 5106K [0x00000000eab00000, 0x00000000ef600000, 0x0000000100000000)
  eden space 66560K, 0% used [0x00000000eab00000,0x00000000eab00000,0x00000000eec00000)
  from space 5120K, 99% used [0x00000000ef100000,0x00000000ef5fcab8,0x00000000ef600000)
  to   space 5120K, 0% used [0x00000000eec00000,0x00000000eec00000,0x00000000ef100000)
 ParOldGen       total 87552K, used 4662K [0x00000000c0000000, 0x00000000c5580000, 0x00000000eab00000)
  object space 87552K, 5% used [0x00000000c0000000,0x00000000c048da38,0x00000000c5580000)
 Metaspace       used 6268K, capacity 7092K, committed 7296K, reserved 1056768K
  class space    used 603K, capacity 620K, committed 640K, reserved 1048576K
}

Deoptimization events (10 events):
Event: 4.628 Thread 0x0000000016f9e000 Uncommon trap: reason=null_check action=make_not_entrant pc=0x00000000037281a8 method=com.android.dx.rop.type.Type.equals(Ljava/lang/Object;)Z @ 8
Event: 6.017 Thread 0x0000000016fd5000 Uncommon trap: reason=unstable_if action=reinterpret pc=0x000000000385f28c method=com.android.dx.ssa.SCCP.simulateStmt(Lcom/android/dx/ssa/SsaInsn;)V @ 53
Event: 6.916 Thread 0x0000000016fd3800 Uncommon trap: reason=class_check action=maybe_recompile pc=0x0000000003972f20 method=com.android.dx.cf.code.BytecodeArray.parseInstruction(ILcom/android/dx/cf/code/BytecodeArray$Visitor;)I @ 1327
Event: 6.916 Thread 0x0000000016fd3800 Uncommon trap: reason=class_check action=maybe_recompile pc=0x0000000003972f20 method=com.android.dx.cf.code.BytecodeArray.parseInstruction(ILcom/android/dx/cf/code/BytecodeArray$Visitor;)I @ 1327
Event: 6.916 Thread 0x0000000016fd3800 Uncommon trap: reason=class_check action=maybe_recompile pc=0x0000000003972f20 method=com.android.dx.cf.code.BytecodeArray.parseInstruction(ILcom/android/dx/cf/code/BytecodeArray$Visitor;)I @ 1327
Event: 6.916 Thread 0x0000000016fd3800 Uncommon trap: reason=class_check action=maybe_recompile pc=0x0000000003972f20 method=com.android.dx.cf.code.BytecodeArray.parseInstruction(ILcom/android/dx/cf/code/BytecodeArray$Visitor;)I @ 1327
Event: 6.989 Thread 0x0000000016fd3800 Uncommon trap: reason=bimorphic action=maybe_recompile pc=0x0000000003995c78 method=com.android.dx.rop.code.RegisterSpec.withSimpleType()Lcom/android/dx/rop/code/RegisterSpec; @ 21
Event: 7.025 Thread 0x0000000016fd4000 Uncommon trap: reason=unstable_if action=reinterpret pc=0x000000000364d660 method=com.android.dx.rop.code.RegisterSpecSet.<init>(I)V @ 2
Event: 7.042 Thread 0x0000000016f9e000 Uncommon trap: reason=unstable_if action=reinterpret pc=0x0000000003882920 method=com.android.dx.ssa.SCCP.simulateBranch(Lcom/android/dx/ssa/SsaInsn;)V @ 64
Event: 7.043 Thread 0x0000000016f9e000 Uncommon trap: reason=unstable_if action=reinterpret pc=0x000000000371889c method=com.android.dx.ssa.SsaMethod.updateOneDefinition(Lcom/android/dx/ssa/SsaInsn;Lcom/android/dx/rop/code/RegisterSpec;)V @ 4

Internal exceptions (3 events):
Event: 0.454 Thread 0x000000000300d800 Exception <a 'java/lang/NoSuchMethodError': Method sun.misc.Unsafe.defineClass(Ljava/lang/String;[BII)Ljava/lang/Class; name or signature does not match> (0x00000000eab07cc0) thrown at [D:\re\workspace\8-2-build-windows-amd64-cygwin\jdk8u92\6642\hotspot\srÏ°œêèÝ?
Event: 0.454 Thread 0x000000000300d800 Exception <a 'java/lang/NoSuchMethodError': Method sun.misc.Unsafe.prefetchRead(Ljava/lang/Object;J)V name or signature does not match> (0x00000000eab07fa8) thrown at [D:\re\workspace\8-2-build-windows-amd64-cygwin\jdk8u92\6642\hotspot\src\share\vm\prims\j¾˜Aœ&ƒ@
Event: 4.628 Thread 0x0000000016f9e000 Implicit null exception at 0x00000000037280a2 to 0x000000000372819a

Events (10 events):
Event: 7.050 Thread 0x0000000016fd4000 DEOPT PACKING pc=0x00000000036f7d75 sp=0x0000000017c2f000
Event: 7.050 Thread 0x0000000016fd4000 DEOPT UNPACKING pc=0x000000000335787f sp=0x0000000017c2ece0 mode 0
Event: 7.901 Thread 0x0000000016fd4000 DEOPT PACKING pc=0x00000000039dbfab sp=0x0000000017c2ef90
Event: 7.901 Thread 0x0000000016fd4000 DEOPT UNPACKING pc=0x000000000335787f sp=0x0000000017c2ece8 mode 0
Event: 7.980 loading class com/android/dx/cf/attrib/AttRuntimeInvisibleAnnotations
Event: 7.980 loading class com/android/dx/cf/attrib/AttRuntimeInvisibleAnnotations done
Event: 7.980 loading class com/android/dx/cf/attrib/BaseAnnotations
Event: 7.980 loading class com/android/dx/cf/attrib/BaseAnnotations done
Event: 8.053 Thread 0x0000000016fd4000 DEOPT PACKING pc=0x00000000036c4c6c sp=0x0000000017c2eec0
Event: 8.053 Thread 0x0000000016fd4000 DEOPT UNPACKING pc=0x000000000335787f sp=0x0000000017c2ec40 mode 0


Dynamic libraries:
0x00007ff62b680000 - 0x00007ff62b6b7000 	D:\Java1.8\jdk1.8.0_92\bin\java.exe
0x00007ffe21960000 - 0x00007ffe21b21000 	C:\WINDOWS\SYSTEM32\ntdll.dll
0x00007ffe1ec10000 - 0x00007ffe1ecbd000 	C:\WINDOWS\system32\KERNEL32.DLL
0x00007ffe1e8f0000 - 0x00007ffe1ead8000 	C:\WINDOWS\system32\KERNELBASE.dll
0x00007ffe213d0000 - 0x00007ffe21477000 	C:\WINDOWS\system32\ADVAPI32.dll
0x00007ffe1f640000 - 0x00007ffe1f6dd000 	C:\WINDOWS\system32\msvcrt.dll
0x00007ffe1eba0000 - 0x00007ffe1ebfb000 	C:\WINDOWS\system32\sechost.dll
0x00007ffe21480000 - 0x00007ffe2159c000 	C:\WINDOWS\system32\RPCRT4.dll
0x00007ffe1f390000 - 0x00007ffe1f4e6000 	C:\WINDOWS\system32\USER32.dll
0x00007ffe1ef40000 - 0x00007ffe1f0c6000 	C:\WINDOWS\system32\GDI32.dll
0x00007ffe0dcb0000 - 0x00007ffe0df24000 	C:\WINDOWS\WinSxS\amd64_microsoft.windows.common-controls_6595b64144ccf1df_6.0.10586.0_none_8c15ae12515e1c22\COMCTL32.dll
0x00007ffe215e0000 - 0x00007ffe2185d000 	C:\WINDOWS\system32\combase.dll
0x00007ffe1eb10000 - 0x00007ffe1eb7a000 	C:\WINDOWS\system32\bcryptPrimitives.dll
0x00007ffe215a0000 - 0x00007ffe215db000 	C:\WINDOWS\system32\IMM32.DLL
0x0000000059c30000 - 0x0000000059d02000 	D:\Java1.8\jdk1.8.0_92\jre\bin\msvcr100.dll
0x000000005a180000 - 0x000000005aa16000 	D:\Java1.8\jdk1.8.0_92\jre\bin\server\jvm.dll
0x00007ffe1eae0000 - 0x00007ffe1eb03000 	C:\WINDOWS\system32\WINMM.dll
0x00007ffe1dd90000 - 0x00007ffe1ddbc000 	C:\WINDOWS\system32\WINMMBASE.dll
0x00007ffe1de20000 - 0x00007ffe1de63000 	C:\WINDOWS\system32\cfgmgr32.dll
0x00007ffe1ec00000 - 0x00007ffe1ec08000 	C:\WINDOWS\system32\PSAPI.DLL
0x00007ffe03320000 - 0x00007ffe03329000 	C:\WINDOWS\SYSTEM32\WSOCK32.dll
0x00007ffe1f700000 - 0x00007ffe1f76b000 	C:\WINDOWS\system32\WS2_32.dll
0x00007ffe101b0000 - 0x00007ffe101ba000 	C:\WINDOWS\SYSTEM32\VERSION.dll
0x000000005aad0000 - 0x000000005aadf000 	D:\Java1.8\jdk1.8.0_92\jre\bin\verify.dll
0x000000005a070000 - 0x000000005a099000 	D:\Java1.8\jdk1.8.0_92\jre\bin\java.dll
0x000000005a050000 - 0x000000005a066000 	D:\Java1.8\jdk1.8.0_92\jre\bin\zip.dll
0x00007ffe1fe70000 - 0x00007ffe213cc000 	C:\WINDOWS\system32\SHELL32.dll
0x00007ffe1e020000 - 0x00007ffe1e664000 	C:\WINDOWS\system32\windows.storage.dll
0x00007ffe1fd00000 - 0x00007ffe1fd52000 	C:\WINDOWS\system32\shlwapi.dll
0x00007ffe1dd80000 - 0x00007ffe1dd8f000 	C:\WINDOWS\system32\kernel.appcore.dll
0x00007ffe1ded0000 - 0x00007ffe1df85000 	C:\WINDOWS\system32\shcore.dll
0x00007ffe1de70000 - 0x00007ffe1debb000 	C:\WINDOWS\system32\powrprof.dll
0x00007ffe1dd50000 - 0x00007ffe1dd64000 	C:\WINDOWS\system32\profapi.dll

VM Arguments:
jvm_args: -Djava.awt.headless=true -Xmx1024M -Dfile.encoding=GBK -Duser.country=CN -Duser.language=zh -Duser.variant 
java_command: com.android.dx.command.Main --dex --num-threads=4 --output C:\Users\shuwei\AndroidStudioProjects\StudioTest\imageloader\build\intermediates\pre-dexed\debug\internal_impl-23.1.1_500eb3249baf77e7d6fd20d962113f2516801b03.jar C:\Users\shuwei\AndroidStudioProjects\StudioTest\imageloader\build\intermediates\exploded-aar\com.android.support\support-v4\23.1.1\jars\libs\internal_impl-23.1.1.jar
java_class_path (initial): D:\ProgramFiles\android\android-sdk-windows\build-tools\23.0.2\lib\dx.jar
Launcher Type: SUN_STANDARD

Environment Variables:
JAVA_HOME=D:\Java1.8\jdk1.8.0_92
PATH=D:\Java\jdk1.7.0_07\bin;D:\ProgramFiles\android-ndk-r10;C:\ProgramData\Oracle\Java\javapath;C:\Program Files (x86)\Intel\iCLS Client\;C:\Program Files\Intel\iCLS Client\;C:\WINDOWS\system32;C:\WINDOWS;C:\WINDOWS\System32\Wbem;C:\WINDOWS\System32\WindowsPowerShell\v1.0\;C:\Program Files\Intel\Intel(R) Management Engine Components\DAL;C:\Program Files (x86)\Intel\Intel(R) Management Engine Components\DAL;C:\Program Files\Intel\Intel(R) Management Engine Components\IPT;C:\Program Files (x86)\Intel\Intel(R) Management Engine Components\IPT;C:\Program Files (x86)\ATI Technologies\ATI.ACE\Core-Static;C:\Program Files (x86)\Common Files\lenovo\easyplussdk\bin;C:\ProgramData\Lenovo\ReadyApps;D:\DevInstall\MySQL\MySQL Server 5.5\bin;D:\Java1.8\jdk1.8.0_92\bin;D:\ProgramFiles (x86)\adt-bundle-windows-x86_64_20140101\sdk\platform-tools;D:\ProgramFiles (x86)\adt-bundle-windows-x86_64_20140101\sdk\tools;D:\ProgramFiles\TortoiseSVN\bin;D:\ProgramFiles\TortoiseGit\bin;D:\Java1.8\jdk1.8.0_92\bin;D:\Java\jdk1.7.0_07\bin;D:\Java1.8\jdk1.8.0_92\bin;D:\ProgramFiles (x86)\tomcat\apache-tomcat-6.0.39\bin;D:\ProgramFiles\android\android-sdk-windows\platform-tools;D:\ProgramFiles\android\android-sdk-windows\tools
USERNAME=shuwei
OS=Windows_NT
PROCESSOR_IDENTIFIER=Intel64 Family 6 Model 69 Stepping 1, GenuineIntel



---------------  S Y S T E M  ---------------

OS: Windows 10.0 , 64 bit Build 10586 (10.0.10586.0)

CPU:total 4 (2 cores per cpu, 2 threads per core) family 6 model 69 stepping 1, cmov, cx8, fxsr, mmx, sse, sse2, sse3, ssse3, sse4.1, sse4.2, popcnt, avx, avx2, aes, clmul, erms, lzcnt, ht, tsc, tscinvbit, bmi1, bmi2

Memory: 4k page, physical 8310040k(1168008k free), swap 8310040k(5676k free)

vm_info: Java HotSpot(TM) 64-Bit Server VM (25.92-b14) for windows-amd64 JRE (1.8.0_92-b14), built on Mar 31 2016 21:03:04 by "java_re" with MS VC++ 10.0 (VS2010)

time: Tue Jun 21 21:16:59 2016
elapsed time: 8 seconds (0d 0h 0m 8s)

